
1월 08, 2019 12:38:52.39 NEW SESSION
1월 08, 2019 12:38:52.39 [18024:11344:0108/123852.389:ERROR:in_progress_cache_impl.cc(203)] Cache is not initialized, cannot RetrieveEntry.
1월 08, 2019 12:38:52.39 [18024:11344:0108/123852.389:ERROR:in_progress_cache_impl.cc(203)] Cache is not initialized, cannot RetrieveEntry.
1월 08, 2019 12:38:52.39 [18024:11344:0108/123852.389:ERROR:in_progress_cache_impl.cc(203)] Cache is not initialized, cannot RetrieveEntry.
1월 08, 2019 12:38:52.39 [18024:11344:0108/123852.389:ERROR:in_progress_cache_impl.cc(203)] Cache is not initialized, cannot RetrieveEntry.
1월 08, 2019 12:38:52.39 [18024:11344:0108/123852.389:ERROR:in_progress_cache_impl.cc(203)] Cache is not initialized, cannot RetrieveEntry.
1월 08, 2019 12:38:52.40 [18024:11344:0108/123852.389:ERROR:in_progress_cache_impl.cc(203)] Cache is not initialized, cannot RetrieveEntry.
1월 08, 2019 12:38:52.40 [18024:11344:0108/123852.389:ERROR:in_progress_cache_impl.cc(203)] Cache is not initialized, cannot RetrieveEntry.
1월 08, 2019 12:38:52.40 [18024:11344:0108/123852.389:ERROR:in_progress_cache_impl.cc(203)] Cache is not initialized, cannot RetrieveEntry.
1월 08, 2019 12:38:52.40 [18024:11344:0108/123852.405:ERROR:in_progress_cache_impl.cc(203)] Cache is not initialized, cannot RetrieveEntry.
1월 08, 2019 12:38:52.40 [18024:11344:0108/123852.405:ERROR:in_progress_cache_impl.cc(203)] Cache is not initialized, cannot RetrieveEntry.
1월 08, 2019 12:38:52.40 [18024:11344:0108/123852.405:ERROR:in_progress_cache_impl.cc(203)] Cache is not initialized, cannot RetrieveEntry.
1월 08, 2019 12:38:52.41 [18024:11344:0108/123852.405:ERROR:in_progress_cache_impl.cc(203)] Cache is not initialized, cannot RetrieveEntry.
1월 08, 2019 13:12:17.84 [18024:2456:0108/131217.839:ERROR:extension_protocols.cc(568)] Allowing load of chrome-extension://gighmmpiobklfepjocnamgkkbiglidom/include.preload.js.mapfrom unknown origin. Could not find user data for request.
1월 08, 2019 13:12:17.84 [18024:2456:0108/131217.841:ERROR:extension_protocols.cc(568)] Allowing load of chrome-extension://gighmmpiobklfepjocnamgkkbiglidom/include.postload.js.mapfrom unknown origin. Could not find user data for request.
1월 08, 2019 13:38:49.75 [18024:11344:0108/133849.750:ERROR:http_bridge.cc(126)] NOT IMPLEMENTED
1월 08, 2019 13:38:49.89 
1월 08, 2019 13:38:49.89 KLIB_SelfTest return : KLR_OK

2월 07, 2019 21:14:23.96 NEW SESSION
2월 07, 2019 21:14:23.96 [8144:12228:0207/211423.962:ERROR:http_bridge.cc(126)] NOT IMPLEMENTED
2월 07, 2019 21:14:24.14 
2월 07, 2019 21:14:24.15 KLIB_SelfTest return : KLR_OK

2월 07, 2019 23:55:16.56 NEW SESSION
2월 07, 2019 23:55:16.56 [18860:21796:0207/235516.559:ERROR:http_bridge.cc(126)] NOT IMPLEMENTED
2월 07, 2019 23:55:16.70 
2월 07, 2019 23:55:16.70 KLIB_SelfTest return : KLR_OK

3월 26, 2019 15:35:19.90 NEW SESSION
3월 26, 2019 15:35:19.90 [27216:23144:0326/153519.903:ERROR:http_bridge.cc(126)] NOT IMPLEMENTED
3월 26, 2019 15:35:20.03 [27216:30288:0326/153520.036:ERROR:browser_process_sub_thread.cc(209)] Waited 21 ms for network service
3월 26, 2019 15:35:20.11 
3월 26, 2019 15:35:20.12 KLIB_SelfTest return : KLR_OK
3월 26, 2019 15:59:15.86 [13668:24952:0326/155915.868:ERROR:http_bridge.cc(126)] NOT IMPLEMENTED
3월 26, 2019 15:59:15.99 [13668:16924:0326/155915.989:ERROR:browser_process_sub_thread.cc(209)] Waited 37 ms for network service
3월 26, 2019 15:59:16.05 
3월 26, 2019 15:59:16.05 KLIB_SelfTest return : KLR_OK

3월 27, 2019 14:42:31.26 NEW SESSION
3월 27, 2019 14:42:31.26 [2776:12376:0327/144231.258:ERROR:http_bridge.cc(126)] NOT IMPLEMENTED
3월 27, 2019 14:42:31.41 [2776:23960:0327/144231.412:ERROR:browser_process_sub_thread.cc(209)] Waited 37 ms for network service
3월 27, 2019 14:42:31.50 
3월 27, 2019 14:42:31.50 KLIB_SelfTest return : KLR_OK
3월 27, 2019 14:45:36.59 [25912:26784:0327/144536.592:ERROR:textfield.cc(1768)] NOT IMPLEMENTED
3월 27, 2019 15:35:37.14 [25912:28080:0327/153537.144:ERROR:connection_factory_impl.cc(411)] Failed to connect to MCS endpoint with error -21
3월 27, 2019 15:35:37.30 [25912:22748:0327/153537.248:ERROR:get_updates_processor.cc(243)] PostClientToServerMessage() failed during GetUpdates
3월 27, 2019 15:38:48.70 [25912:26784:0327/153848.705:ERROR:http_bridge.cc(126)] NOT IMPLEMENTED
3월 27, 2019 15:38:48.81 [25912:28080:0327/153848.818:ERROR:browser_process_sub_thread.cc(209)] Waited 22 ms for network service
3월 27, 2019 15:38:48.88 
3월 27, 2019 15:38:48.88 KLIB_SelfTest return : KLR_OK
3월 27, 2019 17:34:16.51 [23760:18356:0327/173416.511:ERROR:gcm_channel_status_request.cc(151)] GCM channel request failed.
3월 27, 2019 17:34:17.08 [23760:19640:0327/173417.085:ERROR:get_updates_processor.cc(243)] PostClientToServerMessage() failed during GetUpdates
3월 27, 2019 17:34:17.35 [23760:780:0327/173417.352:ERROR:socket_stream.cc(219)] Closing stream with result -2
3월 27, 2019 17:59:06.09 [23760:18356:0327/175906.096:ERROR:http_bridge.cc(126)] NOT IMPLEMENTED
3월 27, 2019 17:59:06.18 [23760:780:0327/175906.181:ERROR:browser_process_sub_thread.cc(209)] Waited 9 ms for network service
3월 27, 2019 17:59:06.23 
3월 27, 2019 17:59:06.23 KLIB_SelfTest return : KLR_OK

4월 17, 2019 16:34:10.22 NEW SESSION
4월 17, 2019 16:34:10.22 [25948:12828:0417/163410.191:ERROR:event_router.cc(741)] Event dispatched while shutting down extensions browser client.
4월 17, 2019 16:34:10.22 [25948:12828:0417/163410.191:ERROR:event_router.cc(741)] Event dispatched while shutting down extensions browser client.
4월 17, 2019 16:34:10.59 [25948:12828:0417/163410.590:ERROR:http_bridge.cc(126)] NOT IMPLEMENTED
4월 17, 2019 16:34:51.84 [14332:25852:0417/163451.842:ERROR:http_bridge.cc(126)] NOT IMPLEMENTED
4월 17, 2019 16:34:52.46 [14332:15640:0417/163452.466:ERROR:shared_change_processor.cc(70)] Extension settings datatype error was encountered: Failed to connect to syncer.
4월 17, 2019 16:34:52.46 [14332:15640:0417/163452.466:ERROR:shared_change_processor.cc(70)] App settings datatype error was encountered: Failed to connect to syncer.
4월 17, 2019 16:41:03.15 [22736:5124:0417/164103.155:ERROR:http_bridge.cc(126)] NOT IMPLEMENTED
4월 17, 2019 16:41:03.47 [22736:21604:0417/164103.477:ERROR:browser_process_sub_thread.cc(209)] Waited 32 ms for network service
4월 17, 2019 17:39:46.35 [26324:2524:0417/173946.350:ERROR:http_bridge.cc(126)] NOT IMPLEMENTED
4월 17, 2019 17:39:46.48 [26324:11412:0417/173946.484:ERROR:browser_process_sub_thread.cc(209)] Waited 21 ms for network service
4월 17, 2019 17:39:46.56 
4월 17, 2019 17:39:46.56 KLIB_SelfTest return : KLR_OK

4월 18, 2019 18:10:12.36 NEW SESSION
4월 18, 2019 18:10:12.36 [19252:3480:0418/181012.363:ERROR:CONSOLE(972)] "TypeError: Cannot read property 'pseudoType' of undefined TypeError: Cannot read property 'pseudoType' of undefined
4월 18, 2019 18:10:12.37     at SDK.DOMNode._removeChild (chrome-devtools://devtools/bundled/shell.js:4301:28)
4월 18, 2019 18:10:12.37     at SDK.DOMModel._childNodeRemoved (chrome-devtools://devtools/bundled/shell.js:4420:121)
4월 18, 2019 18:10:12.37     at SDK.DOMDispatcher.childNodeRemoved (chrome-devtools://devtools/bundled/shell.js:4464:54)
4월 18, 2019 18:10:12.38     at Protocol.InspectorBackend._DispatcherPrototype.dispatch (chrome-devtools://devtools/bundled/shell.js:3399:26)
4월 18, 2019 18:10:12.38     at Protocol.SessionRouter._onMessage (chrome-devtools://devtools/bundled/shell.js:3355:41)
4월 18, 2019 18:10:12.38     at SDK.MainConnection._dispatchMessage (chrome-devtools://devtools/bundled/shell.js:3486:17)
4월 18, 2019 18:10:12.39     at Common.Object.dispatchEventToListeners (chrome-devtools://devtools/bundled/shell.js:494:23)
4월 18, 2019 18:10:12.39     at innerDispatch (chrome-devtools://devtools/bundled/shell.js:972:98)
4월 18, 2019 18:10:12.39     at Host.InspectorFrontendAPIImpl._dispatch (chrome-devtools://devtools/bundled/shell.js:972:1)
4월 18, 2019 18:10:12.39     at DevToolsAPIImpl._dispatchOnInspectorFrontendAPI (chrome-devtools://devtools/bundled/devtools_compatibility.js:57:36)", source: chrome-devtools://devtools/bundled/shell.js (972)
4월 18, 2019 18:18:54.39 [19252:28724:0418/181854.395:ERROR:connection_factory_impl.cc(411)] Failed to connect to MCS endpoint with error -106
4월 18, 2019 18:19:00.16 [19252:28724:0418/181900.161:ERROR:connection_factory_impl.cc(411)] Failed to connect to MCS endpoint with error -105
4월 18, 2019 18:19:10.05 [19252:28724:0418/181910.052:ERROR:connection_factory_impl.cc(411)] Failed to connect to MCS endpoint with error -105
4월 18, 2019 18:19:17.61 [19252:28724:0418/181917.613:ERROR:connection_factory_impl.cc(411)] Failed to connect to MCS endpoint with error -21
4월 18, 2019 18:33:10.02 [19252:28724:0418/183310.020:ERROR:socket_stream.cc(219)] Closing stream with result -2
4월 18, 2019 18:33:13.52 [19252:28724:0418/183313.521:ERROR:connection_factory_impl.cc(411)] Failed to connect to MCS endpoint with error -21
4월 18, 2019 18:35:42.20 [19252:3480:0418/183542.204:ERROR:CONSOLE(972)] "TypeError: Cannot read property 'pseudoType' of undefined TypeError: Cannot read property 'pseudoType' of undefined
4월 18, 2019 18:35:42.20     at SDK.DOMNode._removeChild (chrome-devtools://devtools/bundled/shell.js:4301:28)
4월 18, 2019 18:35:42.20     at SDK.DOMModel._childNodeRemoved (chrome-devtools://devtools/bundled/shell.js:4420:121)
4월 18, 2019 18:35:42.21     at SDK.DOMDispatcher.childNodeRemoved (chrome-devtools://devtools/bundled/shell.js:4464:54)
4월 18, 2019 18:35:42.21     at Protocol.InspectorBackend._DispatcherPrototype.dispatch (chrome-devtools://devtools/bundled/shell.js:3399:26)
4월 18, 2019 18:35:42.21     at Protocol.SessionRouter._onMessage (chrome-devtools://devtools/bundled/shell.js:3355:41)
4월 18, 2019 18:35:42.21     at SDK.MainConnection._dispatchMessage (chrome-devtools://devtools/bundled/shell.js:3486:17)
4월 18, 2019 18:35:42.22     at Common.Object.dispatchEventToListeners (chrome-devtools://devtools/bundled/shell.js:494:23)
4월 18, 2019 18:35:42.22     at innerDispatch (chrome-devtools://devtools/bundled/shell.js:972:98)
4월 18, 2019 18:35:42.22     at Host.InspectorFrontendAPIImpl._dispatch (chrome-devtools://devtools/bundled/shell.js:972:1)
4월 18, 2019 18:35:42.22     at DevToolsAPIImpl._dispatchOnInspectorFrontendAPI (chrome-devtools://devtools/bundled/devtools_compatibility.js:57:36)", source: chrome-devtools://devtools/bundled/shell.js (972)
4월 18, 2019 19:12:03.69 [19252:3480:0418/191203.694:ERROR:http_bridge.cc(126)] NOT IMPLEMENTED
4월 18, 2019 19:12:03.82 [19252:28724:0418/191203.823:ERROR:service_manager_context.cc(242)] Attempting to run unsupported native service: C:\Program Files (x86)\Google\Chrome\Application\73.0.3683.103\content_browser.service.exe
4월 18, 2019 19:12:03.82 [19252:28724:0418/191203.828:ERROR:service_manager_context.cc(242)] Attempting to run unsupported native service: C:\Program Files (x86)\Google\Chrome\Application\73.0.3683.103\content_browser.service.exe
4월 18, 2019 19:12:03.86 [19252:28724:0418/191203.863:ERROR:browser_process_sub_thread.cc(209)] Waited 25 ms for network service
4월 18, 2019 19:12:03.94 
4월 18, 2019 19:12:03.94 KLIB_SelfTest return : KLR_OK

4월 21, 2019 20:21:34.64 NEW SESSION
4월 21, 2019 20:21:34.64 [24228:17440:0421/202134.640:ERROR:http_bridge.cc(126)] NOT IMPLEMENTED
4월 21, 2019 20:21:34.80 [24228:10364:0421/202134.809:ERROR:browser_process_sub_thread.cc(209)] Waited 36 ms for network service
4월 21, 2019 20:21:34.87 
4월 21, 2019 20:21:34.87 KLIB_SelfTest return : KLR_OK
4월 21, 2019 20:49:27.18 [23456:22928:0421/204927.184:ERROR:http_bridge.cc(126)] NOT IMPLEMENTED
4월 21, 2019 20:49:27.32 [23456:18540:0421/204927.329:ERROR:browser_process_sub_thread.cc(209)] Waited 13 ms for network service
4월 21, 2019 20:49:27.38 
4월 21, 2019 20:49:27.39 KLIB_SelfTest return : KLR_OK

4월 22, 2019 14:19:45.29 NEW SESSION
4월 22, 2019 14:19:45.29 [15220:5976:0422/141945.292:ERROR:CONSOLE(972)] "TypeError: Cannot read property 'pseudoType' of undefined TypeError: Cannot read property 'pseudoType' of undefined
4월 22, 2019 14:19:45.30     at SDK.DOMNode._removeChild (chrome-devtools://devtools/bundled/shell.js:4301:28)
4월 22, 2019 14:19:45.30     at SDK.DOMModel._childNodeRemoved (chrome-devtools://devtools/bundled/shell.js:4420:121)
4월 22, 2019 14:19:45.30     at SDK.DOMDispatcher.childNodeRemoved (chrome-devtools://devtools/bundled/shell.js:4464:54)
4월 22, 2019 14:19:45.31     at Protocol.InspectorBackend._DispatcherPrototype.dispatch (chrome-devtools://devtools/bundled/shell.js:3399:26)
4월 22, 2019 14:19:45.31     at Protocol.SessionRouter._onMessage (chrome-devtools://devtools/bundled/shell.js:3355:41)
4월 22, 2019 14:19:45.31     at SDK.MainConnection._dispatchMessage (chrome-devtools://devtools/bundled/shell.js:3486:17)
4월 22, 2019 14:19:45.32     at Common.Object.dispatchEventToListeners (chrome-devtools://devtools/bundled/shell.js:494:23)
4월 22, 2019 14:19:45.32     at innerDispatch (chrome-devtools://devtools/bundled/shell.js:972:98)
4월 22, 2019 14:19:45.32     at Host.InspectorFrontendAPIImpl._dispatch (chrome-devtools://devtools/bundled/shell.js:972:1)
4월 22, 2019 14:19:45.33     at DevToolsAPIImpl._dispatchOnInspectorFrontendAPI (chrome-devtools://devtools/bundled/devtools_compatibility.js:57:36)", source: chrome-devtools://devtools/bundled/shell.js (972)
4월 22, 2019 14:44:06.28 [15220:28696:0422/144406.286:ERROR:connection_factory_impl.cc(411)] Failed to connect to MCS endpoint with error -21
4월 22, 2019 14:44:08.45 [15220:28696:0422/144408.456:ERROR:connection_factory_impl.cc(411)] Failed to connect to MCS endpoint with error -106
4월 22, 2019 14:44:34.39 [15220:28696:0422/144434.393:ERROR:connection_factory_impl.cc(411)] Failed to connect to MCS endpoint with error -21
4월 22, 2019 15:25:38.26 [15220:5976:0422/152538.268:ERROR:http_bridge.cc(126)] NOT IMPLEMENTED
4월 22, 2019 15:25:38.38 [15220:28696:0422/152538.386:ERROR:browser_process_sub_thread.cc(209)] Waited 11 ms for network service
4월 22, 2019 15:25:38.45 
4월 22, 2019 15:25:38.46 KLIB_SelfTest return : KLR_OK

4월 22, 2019 15:51:05.45 NEW SESSION
4월 22, 2019 15:51:05.46 [21112:26976:0422/155105.454:ERROR:http_bridge.cc(126)] NOT IMPLEMENTED
4월 22, 2019 15:51:05.62 [21112:6120:0422/155105.628:ERROR:browser_process_sub_thread.cc(209)] Waited 36 ms for network service
4월 22, 2019 15:51:05.70 
4월 22, 2019 15:51:05.71 KLIB_SelfTest return : KLR_OK
4월 22, 2019 15:57:54.79 [16284:17792:0422/155754.796:ERROR:http_bridge.cc(126)] NOT IMPLEMENTED
4월 22, 2019 15:57:54.89 [16284:26912:0422/155754.896:ERROR:service_manager_context.cc(242)] Attempting to run unsupported native service: C:\Program Files (x86)\Google\Chrome\Application\73.0.3683.103\content_browser.service.exe
4월 22, 2019 15:57:54.89 [16284:26912:0422/155754.896:ERROR:service_manager_context.cc(242)] Attempting to run unsupported native service: C:\Program Files (x86)\Google\Chrome\Application\73.0.3683.103\content_browser.service.exe
4월 22, 2019 15:57:54.90 [16284:26912:0422/155754.897:ERROR:service_manager_context.cc(242)] Attempting to run unsupported native service: C:\Program Files (x86)\Google\Chrome\Application\73.0.3683.103\content_browser.service.exe
4월 22, 2019 15:57:54.90 [16284:26912:0422/155754.897:ERROR:service_manager_context.cc(242)] Attempting to run unsupported native service: C:\Program Files (x86)\Google\Chrome\Application\73.0.3683.103\content_browser.service.exe
4월 22, 2019 15:57:54.90 [16284:26912:0422/155754.897:ERROR:service_manager_context.cc(242)] Attempting to run unsupported native service: C:\Program Files (x86)\Google\Chrome\Application\73.0.3683.103\content_browser.service.exe
4월 22, 2019 15:57:54.91 [16284:26912:0422/155754.897:ERROR:service_manager_context.cc(242)] Attempting to run unsupported native service: C:\Program Files (x86)\Google\Chrome\Application\73.0.3683.103\content_browser.service.exe
4월 22, 2019 15:57:54.91 [16284:26912:0422/155754.898:ERROR:service_manager_context.cc(242)] Attempting to run unsupported native service: C:\Program Files (x86)\Google\Chrome\Application\73.0.3683.103\content_browser.service.exe
4월 22, 2019 15:57:54.91 [16284:26912:0422/155754.899:ERROR:service_manager_context.cc(242)] Attempting to run unsupported native service: C:\Program Files (x86)\Google\Chrome\Application\73.0.3683.103\content_browser.service.exe
4월 22, 2019 15:57:54.91 [16284:26912:0422/155754.899:ERROR:service_manager_context.cc(242)] Attempting to run unsupported native service: C:\Program Files (x86)\Google\Chrome\Application\73.0.3683.103\content_browser.service.exe
4월 22, 2019 15:57:54.91 [16284:26912:0422/155754.899:ERROR:service_manager_context.cc(242)] Attempting to run unsupported native service: C:\Program Files (x86)\Google\Chrome\Application\73.0.3683.103\content_browser.service.exe
4월 22, 2019 15:57:54.92 [16284:26912:0422/155754.922:ERROR:browser_process_sub_thread.cc(209)] Waited 14 ms for network service
4월 22, 2019 15:57:54.98 
4월 22, 2019 15:57:54.98 KLIB_SelfTest return : KLR_OK

4월 23, 2019 14:32:26.38 NEW SESSION
4월 23, 2019 14:32:26.39 [13400:16268:0423/143226.383:ERROR:http_bridge.cc(126)] NOT IMPLEMENTED
4월 23, 2019 14:32:26.55 [13400:24952:0423/143226.556:ERROR:browser_process_sub_thread.cc(209)] Waited 49 ms for network service
4월 23, 2019 14:32:26.64 
4월 23, 2019 14:32:26.64 KLIB_SelfTest return : KLR_OK

4월 25, 2019 16:02:59.92 NEW SESSION
4월 25, 2019 16:02:59.93 [24780:30048:0425/160259.924:ERROR:socket_stream.cc(219)] Closing stream with result -2
4월 25, 2019 16:03:06.16 [24780:30048:0425/160306.168:ERROR:connection_factory_impl.cc(411)] Failed to connect to MCS endpoint with error -21
4월 25, 2019 16:03:13.14 [24780:30048:0425/160313.144:ERROR:connection_factory_impl.cc(411)] Failed to connect to MCS endpoint with error -21
4월 25, 2019 16:03:21.63 [24780:30048:0425/160321.637:ERROR:connection_factory_impl.cc(411)] Failed to connect to MCS endpoint with error -21
4월 25, 2019 16:03:28.14 [24780:30048:0425/160328.141:ERROR:connection_factory_impl.cc(411)] Failed to connect to MCS endpoint with error -21
4월 25, 2019 16:03:43.64 [24780:30048:0425/160343.642:ERROR:connection_factory_impl.cc(411)] Failed to connect to MCS endpoint with error -21
4월 25, 2019 16:03:50.13 [24780:30048:0425/160350.137:ERROR:connection_factory_impl.cc(411)] Failed to connect to MCS endpoint with error -21
4월 25, 2019 16:03:57.63 [24780:30048:0425/160357.636:ERROR:connection_factory_impl.cc(411)] Failed to connect to MCS endpoint with error -21
4월 25, 2019 16:03:57.63 [24780:14736:0425/160357.636:ERROR:get_updates_processor.cc(243)] PostClientToServerMessage() failed during GetUpdates
4월 25, 2019 16:04:03.63 [24780:30048:0425/160403.638:ERROR:connection_factory_impl.cc(411)] Failed to connect to MCS endpoint with error -21
4월 25, 2019 16:04:04.78 [24780:14736:0425/160404.780:ERROR:get_updates_processor.cc(243)] PostClientToServerMessage() failed during GetUpdates
4월 25, 2019 16:04:08.13 [24780:30048:0425/160408.137:ERROR:connection_factory_impl.cc(411)] Failed to connect to MCS endpoint with error -21
4월 25, 2019 16:04:10.71 [24780:14736:0425/160410.711:ERROR:get_updates_processor.cc(243)] PostClientToServerMessage() failed during GetUpdates
4월 25, 2019 16:04:16.63 [24780:30048:0425/160416.638:ERROR:connection_factory_impl.cc(411)] Failed to connect to MCS endpoint with error -21
4월 25, 2019 16:04:16.64 [24780:14736:0425/160416.638:ERROR:get_updates_processor.cc(243)] PostClientToServerMessage() failed during GetUpdates
4월 25, 2019 16:04:22.64 [24780:30048:0425/160422.643:ERROR:connection_factory_impl.cc(411)] Failed to connect to MCS endpoint with error -21
4월 25, 2019 16:04:23.79 [24780:14736:0425/160423.799:ERROR:get_updates_processor.cc(243)] PostClientToServerMessage() failed during GetUpdates
4월 25, 2019 16:04:30.13 [24780:30048:0425/160430.137:ERROR:connection_factory_impl.cc(411)] Failed to connect to MCS endpoint with error -21
4월 25, 2019 16:04:30.14 [24780:14736:0425/160430.138:ERROR:get_updates_processor.cc(243)] PostClientToServerMessage() failed during GetUpdates
4월 25, 2019 16:04:37.64 [24780:30048:0425/160437.641:ERROR:connection_factory_impl.cc(411)] Failed to connect to MCS endpoint with error -21
4월 25, 2019 16:04:37.64 [24780:14736:0425/160437.641:ERROR:get_updates_processor.cc(243)] PostClientToServerMessage() failed during GetUpdates
4월 25, 2019 16:04:46.63 [24780:30048:0425/160446.639:ERROR:connection_factory_impl.cc(411)] Failed to connect to MCS endpoint with error -21
4월 25, 2019 16:04:46.64 [24780:14736:0425/160446.639:ERROR:get_updates_processor.cc(243)] PostClientToServerMessage() failed during GetUpdates
4월 25, 2019 16:04:57.64 [24780:30048:0425/160457.640:ERROR:connection_factory_impl.cc(411)] Failed to connect to MCS endpoint with error -21
4월 25, 2019 16:04:57.64 [24780:14736:0425/160457.640:ERROR:get_updates_processor.cc(243)] PostClientToServerMessage() failed during GetUpdates
4월 25, 2019 16:05:06.13 [24780:30048:0425/160506.138:ERROR:connection_factory_impl.cc(411)] Failed to connect to MCS endpoint with error -21
4월 25, 2019 16:05:06.14 [24780:14736:0425/160506.138:ERROR:get_updates_processor.cc(243)] PostClientToServerMessage() failed during GetUpdates
4월 25, 2019 16:05:12.63 [24780:30048:0425/160512.639:ERROR:connection_factory_impl.cc(411)] Failed to connect to MCS endpoint with error -21
4월 25, 2019 16:05:13.22 [24780:14736:0425/160513.227:ERROR:get_updates_processor.cc(243)] PostClientToServerMessage() failed during GetUpdates
4월 25, 2019 16:05:20.13 [24780:30048:0425/160520.134:ERROR:connection_factory_impl.cc(411)] Failed to connect to MCS endpoint with error -21
4월 25, 2019 16:05:20.13 [24780:14736:0425/160520.134:ERROR:get_updates_processor.cc(243)] PostClientToServerMessage() failed during GetUpdates
4월 25, 2019 16:05:28.63 [24780:30048:0425/160528.636:ERROR:connection_factory_impl.cc(411)] Failed to connect to MCS endpoint with error -21
4월 25, 2019 16:05:28.63 [24780:14736:0425/160528.636:ERROR:get_updates_processor.cc(243)] PostClientToServerMessage() failed during GetUpdates
4월 25, 2019 16:05:33.14 [24780:30048:0425/160533.141:ERROR:connection_factory_impl.cc(411)] Failed to connect to MCS endpoint with error -21
4월 25, 2019 16:05:35.71 [24780:14736:0425/160535.715:ERROR:get_updates_processor.cc(243)] PostClientToServerMessage() failed during GetUpdates
4월 25, 2019 16:05:41.63 [24780:30048:0425/160541.637:ERROR:connection_factory_impl.cc(411)] Failed to connect to MCS endpoint with error -21
4월 25, 2019 16:05:41.64 [24780:14736:0425/160541.638:ERROR:get_updates_processor.cc(243)] PostClientToServerMessage() failed during GetUpdates
4월 25, 2019 16:05:49.24 [24780:30048:0425/160549.248:ERROR:connection_factory_impl.cc(411)] Failed to connect to MCS endpoint with error -21
4월 25, 2019 16:05:49.35 [24780:14736:0425/160549.353:ERROR:get_updates_processor.cc(243)] PostClientToServerMessage() failed during GetUpdates
4월 25, 2019 16:05:51.41 [24780:30048:0425/160551.415:ERROR:connection_factory_impl.cc(411)] Failed to connect to MCS endpoint with error -106
4월 25, 2019 16:06:03.60 [24780:30048:0425/160603.603:ERROR:connection_factory_impl.cc(411)] Failed to connect to MCS endpoint with error -21
4월 25, 2019 16:06:03.60 [24780:14736:0425/160603.603:ERROR:get_updates_processor.cc(243)] PostClientToServerMessage() failed during GetUpdates
4월 25, 2019 16:06:05.76 [24780:30048:0425/160605.765:ERROR:connection_factory_impl.cc(411)] Failed to connect to MCS endpoint with error -106
4월 25, 2019 16:06:23.64 [24780:30048:0425/160623.642:ERROR:connection_factory_impl.cc(411)] Failed to connect to MCS endpoint with error -21
4월 25, 2019 16:06:27.61 [24780:31928:0425/160627.614:ERROR:CONSOLE(972)] "TypeError: Cannot read property 'pseudoType' of undefined TypeError: Cannot read property 'pseudoType' of undefined
4월 25, 2019 16:06:27.61     at SDK.DOMNode._removeChild (chrome-devtools://devtools/bundled/shell.js:4301:28)
4월 25, 2019 16:06:27.62     at SDK.DOMModel._childNodeRemoved (chrome-devtools://devtools/bundled/shell.js:4420:121)
4월 25, 2019 16:06:27.62     at SDK.DOMDispatcher.childNodeRemoved (chrome-devtools://devtools/bundled/shell.js:4464:54)
4월 25, 2019 16:06:27.63     at Protocol.InspectorBackend._DispatcherPrototype.dispatch (chrome-devtools://devtools/bundled/shell.js:3399:26)
4월 25, 2019 16:06:27.63     at Protocol.SessionRouter._onMessage (chrome-devtools://devtools/bundled/shell.js:3355:41)
4월 25, 2019 16:06:27.64     at SDK.MainConnection._dispatchMessage (chrome-devtools://devtools/bundled/shell.js:3486:17)
4월 25, 2019 16:06:27.64     at Common.Object.dispatchEventToListeners (chrome-devtools://devtools/bundled/shell.js:494:23)
4월 25, 2019 16:06:27.64     at innerDispatch (chrome-devtools://devtools/bundled/shell.js:972:98)
4월 25, 2019 16:06:27.64     at Host.InspectorFrontendAPIImpl._dispatch (chrome-devtools://devtools/bundled/shell.js:972:1)
4월 25, 2019 16:06:27.64     at DevToolsAPIImpl._dispatchOnInspectorFrontendAPI (chrome-devtools://devtools/bundled/devtools_compatibility.js:57:36)", source: chrome-devtools://devtools/bundled/shell.js (972)
4월 25, 2019 16:06:27.65 [24780:31928:0425/160627.614:ERROR:CONSOLE(972)] "TypeError: Cannot read property 'pseudoType' of undefined TypeError: Cannot read property 'pseudoType' of undefined
4월 25, 2019 16:06:27.65     at SDK.DOMNode._removeChild (chrome-devtools://devtools/bundled/shell.js:4301:28)
4월 25, 2019 16:06:27.65     at SDK.DOMModel._childNodeRemoved (chrome-devtools://devtools/bundled/shell.js:4420:121)
4월 25, 2019 16:06:27.66     at SDK.DOMDispatcher.childNodeRemoved (chrome-devtools://devtools/bundled/shell.js:4464:54)
4월 25, 2019 16:06:27.66     at Protocol.InspectorBackend._DispatcherPrototype.dispatch (chrome-devtools://devtools/bundled/shell.js:3399:26)
4월 25, 2019 16:06:27.66     at Protocol.SessionRouter._onMessage (chrome-devtools://devtools/bundled/shell.js:3355:41)
4월 25, 2019 16:06:27.66     at SDK.MainConnection._dispatchMessage (chrome-devtools://devtools/bundled/shell.js:3486:17)
4월 25, 2019 16:06:27.67     at Common.Object.dispatchEventToListeners (chrome-devtools://devtools/bundled/shell.js:494:23)
4월 25, 2019 16:06:27.67     at innerDispatch (chrome-devtools://devtools/bundled/shell.js:972:98)
4월 25, 2019 16:06:27.67     at Host.InspectorFrontendAPIImpl._dispatch (chrome-devtools://devtools/bundled/shell.js:972:1)
4월 25, 2019 16:06:27.67     at DevToolsAPIImpl._dispatchOnInspectorFrontendAPI (chrome-devtools://devtools/bundled/devtools_compatibility.js:57:36)", source: chrome-devtools://devtools/bundled/shell.js (972)
4월 25, 2019 16:06:27.67 [24780:31928:0425/160627.615:ERROR:CONSOLE(972)] "TypeError: Cannot read property 'pseudoType' of undefined TypeError: Cannot read property 'pseudoType' of undefined
4월 25, 2019 16:06:27.68     at SDK.DOMNode._removeChild (chrome-devtools://devtools/bundled/shell.js:4301:28)
4월 25, 2019 16:06:27.68     at SDK.DOMModel._childNodeRemoved (chrome-devtools://devtools/bundled/shell.js:4420:121)
4월 25, 2019 16:06:27.68     at SDK.DOMDispatcher.childNodeRemoved (chrome-devtools://devtools/bundled/shell.js:4464:54)
4월 25, 2019 16:06:27.68     at Protocol.InspectorBackend._DispatcherPrototype.dispatch (chrome-devtools://devtools/bundled/shell.js:3399:26)
4월 25, 2019 16:06:27.68     at Protocol.SessionRouter._onMessage (chrome-devtools://devtools/bundled/shell.js:3355:41)
4월 25, 2019 16:06:27.69     at SDK.MainConnection._dispatchMessage (chrome-devtools://devtools/bundled/shell.js:3486:17)
4월 25, 2019 16:06:27.69     at Common.Object.dispatchEventToListeners (chrome-devtools://devtools/bundled/shell.js:494:23)
4월 25, 2019 16:06:27.69     at innerDispatch (chrome-devtools://devtools/bundled/shell.js:972:98)
4월 25, 2019 16:06:27.69     at Host.InspectorFrontendAPIImpl._dispatch (chrome-devtools://devtools/bundled/shell.js:972:1)
4월 25, 2019 16:06:27.69     at DevToolsAPIImpl._dispatchOnInspectorFrontendAPI (chrome-devtools://devtools/bundled/devtools_compatibility.js:57:36)", source: chrome-devtools://devtools/bundled/shell.js (972)
4월 25, 2019 16:06:27.69 [24780:31928:0425/160627.615:ERROR:CONSOLE(972)] "TypeError: Cannot read property 'pseudoType' of undefined TypeError: Cannot read property 'pseudoType' of undefined
4월 25, 2019 16:06:27.69     at SDK.DOMNode._removeChild (chrome-devtools://devtools/bundled/shell.js:4301:28)
4월 25, 2019 16:06:27.70     at SDK.DOMModel._childNodeRemoved (chrome-devtools://devtools/bundled/shell.js:4420:121)
4월 25, 2019 16:06:27.70     at SDK.DOMDispatcher.childNodeRemoved (chrome-devtools://devtools/bundled/shell.js:4464:54)
4월 25, 2019 16:06:27.70     at Protocol.InspectorBackend._DispatcherPrototype.dispatch (chrome-devtools://devtools/bundled/shell.js:3399:26)
4월 25, 2019 16:06:27.70     at Protocol.SessionRouter._onMessage (chrome-devtools://devtools/bundled/shell.js:3355:41)
4월 25, 2019 16:06:27.70     at SDK.MainConnection._dispatchMessage (chrome-devtools://devtools/bundled/shell.js:3486:17)
4월 25, 2019 16:06:27.71     at Common.Object.dispatchEventToListeners (chrome-devtools://devtools/bundled/shell.js:494:23)
4월 25, 2019 16:06:27.71     at innerDispatch (chrome-devtools://devtools/bundled/shell.js:972:98)
4월 25, 2019 16:06:27.71     at Host.InspectorFrontendAPIImpl._dispatch (chrome-devtools://devtools/bundled/shell.js:972:1)
4월 25, 2019 16:06:27.71     at DevToolsAPIImpl._dispatchOnInspectorFrontendAPI (chrome-devtools://devtools/bundled/devtools_compatibility.js:57:36)", source: chrome-devtools://devtools/bundled/shell.js (972)
4월 25, 2019 16:06:27.71 [24780:31928:0425/160627.616:ERROR:CONSOLE(972)] "TypeError: Cannot read property 'pseudoType' of undefined TypeError: Cannot read property 'pseudoType' of undefined
4월 25, 2019 16:06:27.72     at SDK.DOMNode._removeChild (chrome-devtools://devtools/bundled/shell.js:4301:28)
4월 25, 2019 16:06:27.72     at SDK.DOMModel._childNodeRemoved (chrome-devtools://devtools/bundled/shell.js:4420:121)
4월 25, 2019 16:06:27.72     at SDK.DOMDispatcher.childNodeRemoved (chrome-devtools://devtools/bundled/shell.js:4464:54)
4월 25, 2019 16:06:27.72     at Protocol.InspectorBackend._DispatcherPrototype.dispatch (chrome-devtools://devtools/bundled/shell.js:3399:26)
4월 25, 2019 16:06:27.72     at Protocol.SessionRouter._onMessage (chrome-devtools://devtools/bundled/shell.js:3355:41)
4월 25, 2019 16:06:27.72     at SDK.MainConnection._dispatchMessage (chrome-devtools://devtools/bundled/shell.js:3486:17)
4월 25, 2019 16:06:27.72     at Common.Object.dispatchEventToListeners (chrome-devtools://devtools/bundled/shell.js:494:23)
4월 25, 2019 16:06:27.73     at innerDispatch (chrome-devtools://devtools/bundled/shell.js:972:98)
4월 25, 2019 16:06:27.73     at Host.InspectorFrontendAPIImpl._dispatch (chrome-devtools://devtools/bundled/shell.js:972:1)
4월 25, 2019 16:06:27.73     at DevToolsAPIImpl._dispatchOnInspectorFrontendAPI (chrome-devtools://devtools/bundled/devtools_compatibility.js:57:36)", source: chrome-devtools://devtools/bundled/shell.js (972)
4월 25, 2019 16:06:27.73 [24780:31928:0425/160627.653:ERROR:CONSOLE(972)] "TypeError: Cannot read property 'pseudoType' of undefined TypeError: Cannot read property 'pseudoType' of undefined
4월 25, 2019 16:06:27.73     at SDK.DOMNode._removeChild (chrome-devtools://devtools/bundled/shell.js:4301:28)
4월 25, 2019 16:06:27.74     at SDK.DOMModel._childNodeRemoved (chrome-devtools://devtools/bundled/shell.js:4420:121)
4월 25, 2019 16:06:27.74     at SDK.DOMDispatcher.childNodeRemoved (chrome-devtools://devtools/bundled/shell.js:4464:54)
4월 25, 2019 16:06:27.75     at Protocol.InspectorBackend._DispatcherPrototype.dispatch (chrome-devtools://devtools/bundled/shell.js:3399:26)
4월 25, 2019 16:06:27.75     at Protocol.SessionRouter._onMessage (chrome-devtools://devtools/bundled/shell.js:3355:41)
4월 25, 2019 16:06:27.76     at SDK.MainConnection._dispatchMessage (chrome-devtools://devtools/bundled/shell.js:3486:17)
4월 25, 2019 16:06:27.76     at Common.Object.dispatchEventToListeners (chrome-devtools://devtools/bundled/shell.js:494:23)
4월 25, 2019 16:06:27.77     at innerDispatch (chrome-devtools://devtools/bundled/shell.js:972:98)
4월 25, 2019 16:06:27.77     at Host.InspectorFrontendAPIImpl._dispatch (chrome-devtools://devtools/bundled/shell.js:972:1)
4월 25, 2019 16:06:27.78     at DevToolsAPIImpl._dispatchOnInspectorFrontendAPI (chrome-devtools://devtools/bundled/devtools_compatibility.js:57:36)", source: chrome-devtools://devtools/bundled/shell.js (972)
4월 25, 2019 16:06:27.78 [24780:31928:0425/160627.653:ERROR:CONSOLE(972)] "TypeError: Cannot read property 'pseudoType' of undefined TypeError: Cannot read property 'pseudoType' of undefined
4월 25, 2019 16:06:27.78     at SDK.DOMNode._removeChild (chrome-devtools://devtools/bundled/shell.js:4301:28)
4월 25, 2019 16:06:27.79     at SDK.DOMModel._childNodeRemoved (chrome-devtools://devtools/bundled/shell.js:4420:121)
4월 25, 2019 16:06:27.79     at SDK.DOMDispatcher.childNodeRemoved (chrome-devtools://devtools/bundled/shell.js:4464:54)
4월 25, 2019 16:06:27.79     at Protocol.InspectorBackend._DispatcherPrototype.dispatch (chrome-devtools://devtools/bundled/shell.js:3399:26)
4월 25, 2019 16:06:27.80     at Protocol.SessionRouter._onMessage (chrome-devtools://devtools/bundled/shell.js:3355:41)
4월 25, 2019 16:06:27.80     at SDK.MainConnection._dispatchMessage (chrome-devtools://devtools/bundled/shell.js:3486:17)
4월 25, 2019 16:06:27.81     at Common.Object.dispatchEventToListeners (chrome-devtools://devtools/bundled/shell.js:494:23)
4월 25, 2019 16:06:27.81     at innerDispatch (chrome-devtools://devtools/bundled/shell.js:972:98)
4월 25, 2019 16:06:27.81     at Host.InspectorFrontendAPIImpl._dispatch (chrome-devtools://devtools/bundled/shell.js:972:1)
4월 25, 2019 16:06:27.82     at DevToolsAPIImpl._dispatchOnInspectorFrontendAPI (chrome-devtools://devtools/bundled/devtools_compatibility.js:57:36)", source: chrome-devtools://devtools/bundled/shell.js (972)
4월 25, 2019 16:06:27.82 [24780:31928:0425/160627.653:ERROR:CONSOLE(972)] "TypeError: Cannot read property 'pseudoType' of undefined TypeError: Cannot read property 'pseudoType' of undefined
4월 25, 2019 16:06:27.82     at SDK.DOMNode._removeChild (chrome-devtools://devtools/bundled/shell.js:4301:28)
4월 25, 2019 16:06:27.82     at SDK.DOMModel._childNodeRemoved (chrome-devtools://devtools/bundled/shell.js:4420:121)
4월 25, 2019 16:06:27.83     at SDK.DOMDispatcher.childNodeRemoved (chrome-devtools://devtools/bundled/shell.js:4464:54)
4월 25, 2019 16:06:27.83     at Protocol.InspectorBackend._DispatcherPrototype.dispatch (chrome-devtools://devtools/bundled/shell.js:3399:26)
4월 25, 2019 16:06:27.83     at Protocol.SessionRouter._onMessage (chrome-devtools://devtools/bundled/shell.js:3355:41)
4월 25, 2019 16:06:27.83     at SDK.MainConnection._dispatchMessage (chrome-devtools://devtools/bundled/shell.js:3486:17)
4월 25, 2019 16:06:27.84     at Common.Object.dispatchEventToListeners (chrome-devtools://devtools/bundled/shell.js:494:23)
4월 25, 2019 16:06:27.84     at innerDispatch (chrome-devtools://devtools/bundled/shell.js:972:98)
4월 25, 2019 16:06:27.84     at Host.InspectorFrontendAPIImpl._dispatch (chrome-devtools://devtools/bundled/shell.js:972:1)
4월 25, 2019 16:06:27.84     at DevToolsAPIImpl._dispatchOnInspectorFrontendAPI (chrome-devtools://devtools/bundled/devtools_compatibility.js:57:36)", source: chrome-devtools://devtools/bundled/shell.js (972)
4월 25, 2019 16:06:27.84 [24780:31928:0425/160627.653:ERROR:CONSOLE(972)] "TypeError: Cannot read property 'pseudoType' of undefined TypeError: Cannot read property 'pseudoType' of undefined
4월 25, 2019 16:06:27.85     at SDK.DOMNode._removeChild (chrome-devtools://devtools/bundled/shell.js:4301:28)
4월 25, 2019 16:06:27.85     at SDK.DOMModel._childNodeRemoved (chrome-devtools://devtools/bundled/shell.js:4420:121)
4월 25, 2019 16:06:27.85     at SDK.DOMDispatcher.childNodeRemoved (chrome-devtools://devtools/bundled/shell.js:4464:54)
4월 25, 2019 16:06:27.86     at Protocol.InspectorBackend._DispatcherPrototype.dispatch (chrome-devtools://devtools/bundled/shell.js:3399:26)
4월 25, 2019 16:06:27.86     at Protocol.SessionRouter._onMessage (chrome-devtools://devtools/bundled/shell.js:3355:41)
4월 25, 2019 16:06:27.86     at SDK.MainConnection._dispatchMessage (chrome-devtools://devtools/bundled/shell.js:3486:17)
4월 25, 2019 16:06:27.86     at Common.Object.dispatchEventToListeners (chrome-devtools://devtools/bundled/shell.js:494:23)
4월 25, 2019 16:06:27.86     at innerDispatch (chrome-devtools://devtools/bundled/shell.js:972:98)
4월 25, 2019 16:06:27.87     at Host.InspectorFrontendAPIImpl._dispatch (chrome-devtools://devtools/bundled/shell.js:972:1)
4월 25, 2019 16:06:27.87     at DevToolsAPIImpl._dispatchOnInspectorFrontendAPI (chrome-devtools://devtools/bundled/devtools_compatibility.js:57:36)", source: chrome-devtools://devtools/bundled/shell.js (972)
4월 25, 2019 16:06:27.87 [24780:31928:0425/160627.737:ERROR:CONSOLE(972)] "TypeError: Cannot read property 'pseudoType' of undefined TypeError: Cannot read property 'pseudoType' of undefined
4월 25, 2019 16:06:27.87     at SDK.DOMNode._removeChild (chrome-devtools://devtools/bundled/shell.js:4301:28)
4월 25, 2019 16:06:27.88     at SDK.DOMModel._childNodeRemoved (chrome-devtools://devtools/bundled/shell.js:4420:121)
4월 25, 2019 16:06:27.88     at SDK.DOMDispatcher.childNodeRemoved (chrome-devtools://devtools/bundled/shell.js:4464:54)
4월 25, 2019 16:06:27.88     at Protocol.InspectorBackend._DispatcherPrototype.dispatch (chrome-devtools://devtools/bundled/shell.js:3399:26)
4월 25, 2019 16:06:27.88     at Protocol.SessionRouter._onMessage (chrome-devtools://devtools/bundled/shell.js:3355:41)
4월 25, 2019 16:06:27.89     at SDK.MainConnection._dispatchMessage (chrome-devtools://devtools/bundled/shell.js:3486:17)
4월 25, 2019 16:06:27.89     at Common.Object.dispatchEventToListeners (chrome-devtools://devtools/bundled/shell.js:494:23)
4월 25, 2019 16:06:27.89     at innerDispatch (chrome-devtools://devtools/bundled/shell.js:972:98)
4월 25, 2019 16:06:27.89     at Host.InspectorFrontendAPIImpl._dispatch (chrome-devtools://devtools/bundled/shell.js:972:1)
4월 25, 2019 16:06:27.90     at DevToolsAPIImpl._dispatchOnInspectorFrontendAPI (chrome-devtools://devtools/bundled/devtools_compatibility.js:57:36)", source: chrome-devtools://devtools/bundled/shell.js (972)
4월 25, 2019 16:06:27.90 [24780:31928:0425/160627.737:ERROR:CONSOLE(972)] "TypeError: Cannot read property 'pseudoType' of undefined TypeError: Cannot read property 'pseudoType' of undefined
4월 25, 2019 16:06:27.90     at SDK.DOMNode._removeChild (chrome-devtools://devtools/bundled/shell.js:4301:28)
4월 25, 2019 16:06:27.90     at SDK.DOMModel._childNodeRemoved (chrome-devtools://devtools/bundled/shell.js:4420:121)
4월 25, 2019 16:06:27.91     at SDK.DOMDispatcher.childNodeRemoved (chrome-devtools://devtools/bundled/shell.js:4464:54)
4월 25, 2019 16:06:27.91     at Protocol.InspectorBackend._DispatcherPrototype.dispatch (chrome-devtools://devtools/bundled/shell.js:3399:26)
4월 25, 2019 16:06:27.91     at Protocol.SessionRouter._onMessage (chrome-devtools://devtools/bundled/shell.js:3355:41)
4월 25, 2019 16:06:27.91     at SDK.MainConnection._dispatchMessage (chrome-devtools://devtools/bundled/shell.js:3486:17)
4월 25, 2019 16:06:27.92     at Common.Object.dispatchEventToListeners (chrome-devtools://devtools/bundled/shell.js:494:23)
4월 25, 2019 16:06:27.92     at innerDispatch (chrome-devtools://devtools/bundled/shell.js:972:98)
4월 25, 2019 16:06:27.92     at Host.InspectorFrontendAPIImpl._dispatch (chrome-devtools://devtools/bundled/shell.js:972:1)
4월 25, 2019 16:06:27.92     at DevToolsAPIImpl._dispatchOnInspectorFrontendAPI (chrome-devtools://devtools/bundled/devtools_compatibility.js:57:36)", source: chrome-devtools://devtools/bundled/shell.js (972)
4월 25, 2019 16:06:31.14 [24780:30048:0425/160631.141:ERROR:connection_factory_impl.cc(411)] Failed to connect to MCS endpoint with error -21
4월 25, 2019 16:06:31.19 [24780:14736:0425/160631.196:ERROR:get_updates_processor.cc(243)] PostClientToServerMessage() failed during GetUpdates
4월 25, 2019 16:06:37.63 [24780:30048:0425/160637.638:ERROR:connection_factory_impl.cc(411)] Failed to connect to MCS endpoint with error -21
4월 25, 2019 16:06:46.63 [24780:30048:0425/160646.636:ERROR:connection_factory_impl.cc(411)] Failed to connect to MCS endpoint with error -21
4월 25, 2019 16:06:46.63 [24780:14736:0425/160646.637:ERROR:get_updates_processor.cc(243)] PostClientToServerMessage() failed during GetUpdates
4월 25, 2019 16:06:53.63 [24780:30048:0425/160653.634:ERROR:connection_factory_impl.cc(411)] Failed to connect to MCS endpoint with error -21
4월 25, 2019 16:07:01.64 [24780:30048:0425/160701.640:ERROR:connection_factory_impl.cc(411)] Failed to connect to MCS endpoint with error -21
4월 25, 2019 16:07:01.64 [24780:14736:0425/160701.640:ERROR:get_updates_processor.cc(243)] PostClientToServerMessage() failed during GetUpdates
4월 25, 2019 16:07:12.14 [24780:30048:0425/160712.142:ERROR:connection_factory_impl.cc(411)] Failed to connect to MCS endpoint with error -21
4월 25, 2019 16:07:12.14 [24780:14736:0425/160712.143:ERROR:get_updates_processor.cc(243)] PostClientToServerMessage() failed during GetUpdates
4월 25, 2019 16:07:18.14 [24780:30048:0425/160718.144:ERROR:connection_factory_impl.cc(411)] Failed to connect to MCS endpoint with error -21
4월 25, 2019 16:07:24.13 [24780:30048:0425/160724.139:ERROR:connection_factory_impl.cc(411)] Failed to connect to MCS endpoint with error -21
4월 25, 2019 16:07:24.18 [24780:14736:0425/160724.188:ERROR:get_updates_processor.cc(243)] PostClientToServerMessage() failed during GetUpdates
4월 25, 2019 16:07:33.68 [24780:30048:0425/160733.686:ERROR:connection_factory_impl.cc(411)] Failed to connect to MCS endpoint with error -21
4월 25, 2019 16:07:33.69 [24780:14736:0425/160733.688:ERROR:get_updates_processor.cc(243)] PostClientToServerMessage() failed during GetUpdates
4월 25, 2019 16:07:40.20 [24780:30048:0425/160740.206:ERROR:connection_factory_impl.cc(411)] Failed to connect to MCS endpoint with error -21
4월 25, 2019 16:36:55.90 [24780:31928:0425/163655.908:ERROR:http_bridge.cc(126)] NOT IMPLEMENTED
4월 25, 2019 16:36:56.04 [24780:30048:0425/163656.044:ERROR:browser_process_sub_thread.cc(209)] Waited 36 ms for network service
4월 25, 2019 16:36:56.13 
4월 25, 2019 16:36:56.13 KLIB_SelfTest return : KLR_OK

5월 09, 2019 24:01:49.76 NEW SESSION
5월 09, 2019 24:01:49.76 [19628:3076:0509/000149.761:ERROR:http_bridge.cc(127)] NOT IMPLEMENTED
5월 09, 2019 24:01:49.89 [19628:12624:0509/000149.891:ERROR:browser_process_sub_thread.cc(217)] Waited 20 ms for network service
5월 09, 2019 24:01:49.94 
5월 09, 2019 24:01:49.94 KLIB_SelfTest return : KLR_OK
5월 09, 2019 24:10:49.72 [17056:3712:0509/001049.726:ERROR:http_bridge.cc(127)] NOT IMPLEMENTED
5월 09, 2019 24:10:49.84 [17056:22136:0509/001049.844:ERROR:browser_process_sub_thread.cc(217)] Waited 28 ms for network service
5월 09, 2019 24:10:49.90 
5월 09, 2019 24:10:49.90 KLIB_SelfTest return : KLR_OK
5월 09, 2019 24:31:42.62 [21580:21256:0509/003142.621:ERROR:http_bridge.cc(127)] NOT IMPLEMENTED
5월 09, 2019 24:31:42.76 [21580:5380:0509/003142.762:ERROR:browser_process_sub_thread.cc(217)] Waited 21 ms for network service
5월 09, 2019 24:31:42.83 
5월 09, 2019 24:31:42.83 KLIB_SelfTest return : KLR_OK
